<!DOCTYPE suite SYSTEM "https://testng.org/testng-1.0.dtd">
<suite name="SeleniumTestSuite">
    <test name="AlloUaNGTest">
        <classes>
            <class name="org.prog.testng.AlloUaNGTest"/>
        </classes>
    </test>
</suite>